I ran the following code to generate the report:

py.test --cov-report term --cov=. test.py > coverage.txt

This was my output:

============================= test session starts ==============================
platform linux -- Python 3.10.12, pytest-8.0.2, pluggy-1.4.0
rootdir: /mnt/e/VSCode/Applied ML/Assignment_3
plugins: cov-4.1.0, anyio-4.3.0
collected 2 items

test.py ..                                                               [100%]

---------- coverage: platform linux, python 3.10.12-final-0 ----------
Name       Stmts   Miss  Cover
------------------------------
app.py        18      6    67%
model.py      14     14     0%
score.py      18      0   100%
test.py       65      0   100%
------------------------------
TOTAL        115     20    83%


============================== 2 passed in 6.43s ===============================
